<?xml version="1.0" encoding="UTF-8" ?>
<testsuite errors="1" failures="0" hostname="ip-10-81-154-164" name="com.ibatis.jpetstore.persistence.OrderDaoTest" tests="1" time="0.0" timestamp="2014-03-19T20:32:20">
  <properties>
    <property name="java.vendor" value="Oracle Corporation" />
    <property name="sun.java.launcher" value="SUN_STANDARD" />
    <property name="sun.management.compiler" value="HotSpot 64-Bit Tiered Compilers" />
    <property name="lib" value="../lib" />
    <property name="os.name" value="Linux" />
    <property name="sun.boot.class.path" value="/usr/local/java/jdk1.7.0_25/jre/lib/resources.jar:/usr/local/java/jdk1.7.0_25/jre/lib/rt.jar:/usr/local/java/jdk1.7.0_25/jre/lib/sunrsasign.jar:/usr/local/java/jdk1.7.0_25/jre/lib/jsse.jar:/usr/local/java/jdk1.7.0_25/jre/lib/jce.jar:/usr/local/java/jdk1.7.0_25/jre/lib/charsets.jar:/usr/local/java/jdk1.7.0_25/jre/lib/jfr.jar:/usr/local/java/jdk1.7.0_25/jre/classes" />
    <property name="java.vm.specification.vendor" value="Oracle Corporation" />
    <property name="ant.home" value="/usr/share/ant" />
    <property name="java.runtime.version" value="1.7.0_25-b15" />
    <property name="weblib" value="webapp/WEB-INF/lib/" />
    <property name="user.name" value="root" />
    <property name="ant.file.JPetStore" value="/home/ubuntu/JPetStore-5.0/build/build.xml" />
    <property name="reports" value="reports" />
    <property name="instrumentedclasses" value="work/instrumentedclasses/" />
    <property name="user.language" value="en" />
    <property name="sun.boot.library.path" value="/usr/local/java/jdk1.7.0_25/jre/lib/amd64" />
    <property name="webclasses" value="webapp/WEB-INF/classes/" />
    <property name="ant.project.default-target" value="all" />
    <property name="ant.project.name" value="JPetStore" />
    <property name="junitreports" value="reports/junit/" />
    <property name="java.version" value="1.7.0_25" />
    <property name="classes" value="work/classes/" />
    <property name="user.timezone" value="" />
    <property name="webapp" value="webapp" />
    <property name="sun.arch.data.model" value="64" />
    <property name="java.endorsed.dirs" value="/usr/local/java/jdk1.7.0_25/jre/lib/endorsed" />
    <property name="sun.cpu.isalist" value="" />
    <property name="sun.jnu.encoding" value="UTF-8" />
    <property name="file.encoding.pkg" value="sun.io" />
    <property name="file.separator" value="/" />
    <property name="java.specification.name" value="Java Platform API Specification" />
    <property name="web" value="../web" />
    <property name="java.class.version" value="51.0" />
    <property name="src" value="../src" />
    <property name="user.country" value="US" />
    <property name="ant.file.type.JPetStore" value="file" />
    <property name="java.home" value="/usr/local/java/jdk1.7.0_25/jre" />
    <property name="java.vm.info" value="mixed mode" />
    <property name="ant.file" value="/home/ubuntu/JPetStore-5.0/build/build.xml" />
    <property name="os.version" value="3.2.0-58-virtual" />
    <property name="path.separator" value=":" />
    <property name="java.vm.version" value="23.25-b01" />
    <property name="ant.library.dir" value="/usr/share/ant/lib" />
    <property name="java.awt.printerjob" value="sun.print.PSPrinterJob" />
    <property name="sun.io.unicode.encoding" value="UnicodeLittle" />
    <property name="awt.toolkit" value="sun.awt.X11.XToolkit" />
    <property name="testclasses" value="work/testclasses/" />
    <property name="work" value="work" />
    <property name="user.home" value="/root" />
    <property name="java.specification.vendor" value="Oracle Corporation" />
    <property name="test" value="../test" />
    <property name="java.library.path" value="/usr/java/packages/lib/amd64:/usr/lib64:/lib64:/lib:/usr/lib" />
    <property name="java.vendor.url" value="http://java.oracle.com/" />
    <property name="java.vm.vendor" value="Oracle Corporation" />
    <property name="java.runtime.name" value="Java(TM) SE Runtime Environment" />
    <property name="sun.java.command" value="org.apache.tools.ant.launch.Launcher -cp " />
    <property name="java.class.path" value="/usr/share/ant/lib/ant-launcher.jar:/usr/share/java/xmlParserAPIs.jar:/usr/share/java/xercesImpl.jar:/usr/share/ant/lib/ant-apache-resolver.jar:/usr/share/ant/lib/ant-apache-regexp.jar:/usr/share/ant/lib/ant-apache-xalan2.jar:/usr/share/ant/lib/ant-apache-bcel.jar:/usr/share/ant/lib/ant-javamail.jar:/usr/share/ant/lib/ant-apache-oro.jar:/usr/share/ant/lib/ant-jmf.jar:/usr/share/ant/lib/ant-launcher.jar:/usr/share/ant/lib/ant-junit.jar:/usr/share/ant/lib/ant-commons-logging.jar:/usr/share/ant/lib/ant-swing.jar:/usr/share/ant/lib/ant-jsch.jar:/usr/share/ant/lib/ant-commons-net.jar:/usr/share/ant/lib/ant-junit4.jar:/usr/share/ant/lib/ant-jdepend.jar:/usr/share/ant/lib/junit.jar:/usr/share/ant/lib/ant-testutil.jar:/usr/share/ant/lib/ant-antlr.jar:/usr/share/ant/lib/ant.jar:/usr/share/ant/lib/ant-apache-bsf.jar:/usr/share/ant/lib/ant-apache-log4j.jar:/usr/local/java/jdk1.7.0_25/lib/tools.jar" />
    <property name="ant.version" value="Apache Ant(TM) version 1.8.2 compiled on December 3 2011" />
    <property name="devlib" value="../devlib" />
    <property name="java.vm.specification.name" value="Java Virtual Machine Specification" />
    <property name="ant.file.type" value="file" />
    <property name="java.vm.specification.version" value="1.7" />
    <property name="sun.cpu.endian" value="little" />
    <property name="warfile" value="wars/jpetstore.war" />
    <property name="sun.os.patch.level" value="unknown" />
    <property name="java.io.tmpdir" value="/tmp" />
    <property name="java.vendor.url.bug" value="http://bugreport.sun.com/bugreport/" />
    <property name="os.arch" value="amd64" />
    <property name="java.awt.graphicsenv" value="sun.awt.X11GraphicsEnvironment" />
    <property name="java.ext.dirs" value="/usr/local/java/jdk1.7.0_25/jre/lib/ext:/usr/java/packages/lib/ext" />
    <property name="user.dir" value="/home/ubuntu/JPetStore-5.0/build" />
    <property name="coveragereports" value="reports/coverage/" />
    <property name="line.separator" value="&#xa;" />
    <property name="java.vm.name" value="Java HotSpot(TM) 64-Bit Server VM" />
    <property name="basedir" value="/home/ubuntu/JPetStore-5.0/build" />
    <property name="ant.java.version" value="1.7" />
    <property name="ant.core.lib" value="/usr/share/ant/lib/ant.jar" />
    <property name="file.encoding" value="UTF-8" />
    <property name="wars" value="wars" />
    <property name="java.specification.version" value="1.7" />
    <property name="ant.project.invoked-targets" value="all" />
  </properties>
  <testcase classname="com.ibatis.jpetstore.persistence.OrderDaoTest" name="unknown" time="0.001">
    <error message="Forked Java VM exited abnormally. Please note the time in the report does not reflect the time until the VM exit." type="junit.framework.AssertionFailedError">junit.framework.AssertionFailedError: Forked Java VM exited abnormally. Please note the time in the report does not reflect the time until the VM exit.
</error>
  </testcase>
</testsuite>
